08-03-2024 35:18:12: E_USER_ERROR: [256] This is a user error - /var/www/html/App/Models/IngredientModel.php:207
08-03-2024 35:18:12: E_USER_WARNING: [512] This is a user warning - /var/www/html/App/Models/IngredientModel.php:210
08-03-2024 35:18:12: E_USER_NOTICE: [1024] This is a user notice - /var/www/html/App/Models/IngredientModel.php:213
08-03-2024 35:18:12: E_WARNING: [2] Undefined variable $undefinedVar - /var/www/html/App/Models/IngredientModel.php:218
09-03-2024 37:49:08: E_WARNING: [2] Undefined array key "REQUE2ST_URI" - /var/www/html/index.php:12
Call Stack:
{main}
09-03-2024 37:49:08: E_DEPRECATED: [8192] parse_url(): Passing null to parameter #1 ($url) of type string is deprecated - /var/www/html/index.php:12
Call Stack:
{main}
09-03-2024 37:49:08: E_WARNING: [2] Undefined array key "REQUE2ST_URI" - /var/www/html/index.php:12
Call Stack:
{main}
09-03-2024 37:49:08: E_DEPRECATED: [8192] parse_url(): Passing null to parameter #1 ($url) of type string is deprecated - /var/www/html/index.php:12
Call Stack:
{main}
09-03-2024 41:49:08: E_WARNING: [2] Undefined array key "REQUE2ST_URI" - /var/www/html/index.php:12
Call Stack:
{main}
09-03-2024 41:49:08: E_DEPRECATED: [8192] parse_url(): Passing null to parameter #1 ($url) of type string is deprecated - /var/www/html/index.php:12
Call Stack:
{main}
09-03-2024 44:49:08: E_WARNING: [2] Undefined array key "REQUE2ST_URI" - /var/www/html/index.php:12
Call Stack:
{main}
09-03-2024 44:49:08: E_DEPRECATED: [8192] parse_url(): Passing null to parameter #1 ($url) of type string is deprecated - /var/www/html/index.php:12
Call Stack:
{main}
09-03-2024 18:51:08: E_WARNING: [2] Undefined array key "REQUE2ST_URI" - /var/www/html/index.php:12
Call Stack:
{main}
09-03-2024 18:51:08: E_DEPRECATED: [8192] parse_url(): Passing null to parameter #1 ($url) of type string is deprecated - /var/www/html/index.php:12
Call Stack:
{main}
09-03-2024 42:53:08: E_WARNING: [2] Undefined array key "REQUE2ST_URI" - /var/www/html/index.php:12
Call Stack:
{main}
09-03-2024 42:53:08: E_DEPRECATED: [8192] parse_url(): Passing null to parameter #1 ($url) of type string is deprecated - /var/www/html/index.php:12
Call Stack:
{main}
09-03-2024 19:55:08: E_WARNING: [2] Undefined array key "REQUE2ST_URI" - /var/www/html/index.php:12
Call Stack:
{main}
09-03-2024 19:55:08: E_DEPRECATED: [8192] parse_url(): Passing null to parameter #1 ($url) of type string is deprecated - /var/www/html/index.php:12
Call Stack:
{main}
09-03-2024 03:56:08: E_WARNING: [2] Undefined array key "REQUE2ST_URI" - /var/www/html/index.php:13
Call Stack:
{main}
09-03-2024 03:56:08: E_DEPRECATED: [8192] parse_url(): Passing null to parameter #1 ($url) of type string is deprecated - /var/www/html/index.php:13
Call Stack:
{main}
09-03-2024 04:56:08: E_WARNING: [2] Undefined array key "REQUE2ST_URI" - /var/www/html/index.php:13
Call Stack:
{main}
09-03-2024 04:56:08: E_DEPRECATED: [8192] parse_url(): Passing null to parameter #1 ($url) of type string is deprecated - /var/www/html/index.php:13
Call Stack:
{main}
09-03-2024 04:56:08: E_WARNING: [2] Undefined array key "REQUE2ST_URI" - /var/www/html/index.php:13
Call Stack:
{main}
09-03-2024 04:56:08: E_DEPRECATED: [8192] parse_url(): Passing null to parameter #1 ($url) of type string is deprecated - /var/www/html/index.php:13
Call Stack:
{main}
09-03-2024 05:56:08: E_WARNING: [2] Undefined array key "REQUE2ST_URI" - /var/www/html/index.php:13
Call Stack:
{main}
09-03-2024 05:56:08: E_DEPRECATED: [8192] parse_url(): Passing null to parameter #1 ($url) of type string is deprecated - /var/www/html/index.php:13
Call Stack:
{main}
09-03-2024 05:56:08: E_WARNING: [2] Undefined array key "REQUE2ST_URI" - /var/www/html/index.php:13
Call Stack:
{main}
09-03-2024 05:56:08: E_DEPRECATED: [8192] parse_url(): Passing null to parameter #1 ($url) of type string is deprecated - /var/www/html/index.php:13
Call Stack:
{main}
09-03-2024 15:56:08: E_WARNING: [2] Undefined array key "REQUE2ST_URI" - /var/www/html/index.php:13
Call Stack:
{main}
09-03-2024 15:56:08: E_DEPRECATED: [8192] parse_url(): Passing null to parameter #1 ($url) of type string is deprecated - /var/www/html/index.php:13
Call Stack:
{main}
09-03-2024 22:56:08: E_WARNING: [2] Undefined array key "REQUE2ST_URI" - /var/www/html/index.php:13
Call Stack:
{main}
09-03-2024 22:56:08: E_DEPRECATED: [8192] parse_url(): Passing null to parameter #1 ($url) of type string is deprecated - /var/www/html/index.php:13
Call Stack:
{main}
09-03-2024 48:56:08: E_WARNING: [2] Undefined array key "REQUE2ST_URI" - /var/www/html/index.php:13
Call Stack:
{main}
09-03-2024 48:56:08: E_DEPRECATED: [8192] parse_url(): Passing null to parameter #1 ($url) of type string is deprecated - /var/www/html/index.php:13
Call Stack:
{main}
09-03-2024 49:56:08: E_WARNING: [2] Undefined array key "REQUE2ST_URI" - /var/www/html/index.php:13
Call Stack:
{main}
09-03-2024 49:56:08: E_DEPRECATED: [8192] parse_url(): Passing null to parameter #1 ($url) of type string is deprecated - /var/www/html/index.php:13
Call Stack:
{main}
09-03-2024 52:56:08: E_WARNING: [2] Undefined array key "REQUE2ST_URI" - /var/www/html/index.php:13
Call Stack:
{main}
09-03-2024 52:56:08: E_DEPRECATED: [8192] parse_url(): Passing null to parameter #1 ($url) of type string is deprecated - /var/www/html/index.php:13
Call Stack:
{main}
09-03-2024 54:56:08: E_WARNING: [2] Undefined array key "REQUE2ST_URI" - /var/www/html/index.php:13
Call Stack:
{main}
09-03-2024 54:56:08: E_DEPRECATED: [8192] parse_url(): Passing null to parameter #1 ($url) of type string is deprecated - /var/www/html/index.php:13
Call Stack:
{main}
09-03-2024 37:30:10: E_WARNING: [2] require(/var/www/html/App/Errors/200.php): Failed to open stream: No such file or directory - /var/www/html/App/Core/Router.php:63
Call Stack:
#0 /var/www/html/App/Core/Router.php(57): App\Core\Router->loadError()
#1 /var/www/html/index.php(18): App\Core\Router->route()
{main}
09-03-2024 40:30:10: E_WARNING: [2] require(/var/www/html/App/Errors/200.php): Failed to open stream: No such file or directory - /var/www/html/App/Core/Router.php:63
Call Stack:
#0 /var/www/html/App/Core/Router.php(57): App\Core\Router->loadError()
#1 /var/www/html/index.php(18): App\Core\Router->route()
{main}
09-03-2024 46:30:10: E_WARNING: [2] require(/var/www/html/App/Errors/200.php): Failed to open stream: No such file or directory - /var/www/html/App/Core/Router.php:63
Call Stack:
#0 /var/www/html/App/Core/Router.php(57): App\Core\Router->loadError()
#1 /var/www/html/index.php(18): App\Core\Router->route()
{main}
09-03-2024 51:30:10: E_WARNING: [2] require(/var/www/html/App/Errors/200.php): Failed to open stream: No such file or directory - /var/www/html/App/Core/Router.php:63
Call Stack:
#0 /var/www/html/App/Core/Router.php(57): App\Core\Router->loadError()
#1 /var/www/html/index.php(18): App\Core\Router->route()
{main}
09-03-2024 28:31:10: E_WARNING: [2] require(/var/www/html/App/Errors/200.php): Failed to open stream: No such file or directory - /var/www/html/App/Core/Router.php:63
Call Stack:
#0 /var/www/html/App/Core/Router.php(57): App\Core\Router->loadError()
#1 /var/www/html/index.php(18): App\Core\Router->route()
{main}
09-03-2024 33:31:10: E_WARNING: [2] require(/var/www/html/App/Errors/200.php): Failed to open stream: No such file or directory - /var/www/html/App/Core/Router.php:63
Call Stack:
#0 /var/www/html/App/Core/Router.php(57): App\Core\Router->loadError()
#1 /var/www/html/index.php(18): App\Core\Router->route()
{main}
09-03-2024 34:31:10: E_WARNING: [2] require(/var/www/html/App/Errors/200.php): Failed to open stream: No such file or directory - /var/www/html/App/Core/Router.php:63
Call Stack:
#0 /var/www/html/App/Core/Router.php(57): App\Core\Router->loadError()
#1 /var/www/html/index.php(18): App\Core\Router->route()
{main}
09-03-2024 41:31:10: E_WARNING: [2] require(/var/www/html/App/Errors/200.php): Failed to open stream: No such file or directory - /var/www/html/App/Core/Router.php:63
Call Stack:
#0 /var/www/html/App/Core/Router.php(57): App\Core\Router->loadError()
#1 /var/www/html/index.php(18): App\Core\Router->route()
{main}
09-03-2024 48:31:10: E_WARNING: [2] require(/var/www/html/App/Errors/200.php): Failed to open stream: No such file or directory - /var/www/html/App/Core/Router.php:63
Call Stack:
#0 /var/www/html/App/Core/Router.php(57): App\Core\Router->loadError()
#1 /var/www/html/index.php(18): App\Core\Router->route()
{main}
09-03-2024 26:28:17: E_WARNING: [2] require_once(/var/www/html/Public/inc/headesr.php): Failed to open stream: No such file or directory - /var/www/html/App/Views/errors/error_template.php:53
Call Stack:
#0 /var/www/html/App/Views/ViewRender.php(17): UNKNOWNUNKNOWNinclude()
#1 /var/www/html/App/Core/Router.php(62): App\Views\ViewRender::errorViewRender()
#2 /var/www/html/App/Core/Router.php(56): App\Core\Router->loadError()
#3 /var/www/html/index.php(18): App\Core\Router->route()
{main}
